[09-Nov-2023 21:08:25 UTC] PHP Notice:  Function register_uninstall_hook was called incorrectly. Only a static class method or function can be used in an uninstall hook. Please see <a>Debugging in WordPress</a> for more information. (This message was added in version 3.1.0.) in D:\xampp\htdocs\GoogleCal_Wordpress_POC\wordpress-6.3.1\wordpress\wp-includes\functions.php on line 6031
[09-Nov-2023 21:08:25 UTC] PHP Notice:  Function register_uninstall_hook was called incorrectly. Only a static class method or function can be used in an uninstall hook. Please see <a>Debugging in WordPress</a> for more information. (This message was added in version 3.1.0.) in D:\xampp\htdocs\GoogleCal_Wordpress_POC\wordpress-6.3.1\wordpress\wp-includes\functions.php on line 6031
[09-Nov-2023 21:08:25 UTC] PHP Notice:  Function register_uninstall_hook was called incorrectly. Only a static class method or function can be used in an uninstall hook. Please see <a>Debugging in WordPress</a> for more information. (This message was added in version 3.1.0.) in D:\xampp\htdocs\GoogleCal_Wordpress_POC\wordpress-6.3.1\wordpress\wp-includes\functions.php on line 6031
[13-Nov-2023 20:20:22 UTC] PHP Notice:  Undefined index: department in D:\xampp\htdocs\GoogleCal_Wordpress_POC\wordpress-6.3.1\wordpress\wp-content\plugins\dynamic-interview-calendars\dynamic-interview-calendar.php on line 126
[13-Nov-2023 20:23:46 UTC] PHP Notice:  Undefined index: department in D:\xampp\htdocs\GoogleCal_Wordpress_POC\wordpress-6.3.1\wordpress\wp-content\plugins\dynamic-interview-calendars\dynamic-interview-calendar.php on line 126
[13-Nov-2023 20:27:59 UTC] PHP Notice:  Undefined index: department in D:\xampp\htdocs\GoogleCal_Wordpress_POC\wordpress-6.3.1\wordpress\wp-content\plugins\dynamic-interview-calendars\dynamic-interview-calendar.php on line 130
[14-Nov-2023 19:11:35 UTC] PHP Notice:  Undefined index: department in D:\xampp\htdocs\GoogleCal_Wordpress_POC\wordpress-6.3.1\wordpress\wp-content\plugins\dynamic-interview-calendars\dynamic-interview-calendar.php on line 130
[20-Nov-2023 19:23:41 UTC] PHP Fatal error:  Uncaught Error: Object of class WP_Error could not be converted to string in D:\xampp\htdocs\GoogleCal_Wordpress_POC\wordpress-6.3.1\wordpress\wp-content\plugins\dynamic-interview-calendars\dynamic-interview-calendar.php:133
Stack trace:
#0 D:\xampp\htdocs\GoogleCal_Wordpress_POC\wordpress-6.3.1\wordpress\wp-content\plugins\dynamic-interview-calendars\dynamic-interview-calendar.php(140): DynamicInterviewCalendar->get_data_from_sheets()
#1 D:\xampp\htdocs\GoogleCal_Wordpress_POC\wordpress-6.3.1\wordpress\wp-includes\shortcodes.php(433): DynamicInterviewCalendar->load_shortcode('', '', 'dynamic-intervi...')
#2 [internal function]: do_shortcode_tag(Array)
#3 D:\xampp\htdocs\GoogleCal_Wordpress_POC\wordpress-6.3.1\wordpress\wp-includes\shortcodes.php(273): preg_replace_callback('/\\[(\\[?)(dynami...', 'do_shortcode_ta...', '[dynamic-interv...')
#4 D:\xampp\htdocs\GoogleCal_Wordpress_POC\wordpress-6.3.1\wordpress\wp-includes\class-wp-hook.php(324): do_shortcode('[dynamic-interv...')
#5 D:\xampp\htdocs\GoogleCal_Wo in D:\xampp\htdocs\GoogleCal_Wordpress_POC\wordpress-6.3.1\wordpress\wp-content\plugins\dynamic-interview-calendars\dynamic-interview-calendar.php on line 133
[20-Nov-2023 19:47:09 UTC] PHP Notice:  Undefined offset: 1 in D:\xampp\htdocs\GoogleCal_Wordpress_POC\wordpress-6.3.1\wordpress\wp-content\plugins\dynamic-interview-calendars\dynamic-interview-calendar.php on line 172
[20-Nov-2023 19:47:09 UTC] PHP Notice:  Trying to get property 'iframe_link' of non-object in D:\xampp\htdocs\GoogleCal_Wordpress_POC\wordpress-6.3.1\wordpress\wp-content\plugins\dynamic-interview-calendars\dynamic-interview-calendar.php on line 172
[20-Nov-2023 19:48:30 UTC] PHP Notice:  Undefined offset: 1 in D:\xampp\htdocs\GoogleCal_Wordpress_POC\wordpress-6.3.1\wordpress\wp-content\plugins\dynamic-interview-calendars\dynamic-interview-calendar.php on line 172
[20-Nov-2023 19:48:30 UTC] PHP Notice:  Trying to get property 'iframe_link' of non-object in D:\xampp\htdocs\GoogleCal_Wordpress_POC\wordpress-6.3.1\wordpress\wp-content\plugins\dynamic-interview-calendars\dynamic-interview-calendar.php on line 172
[20-Nov-2023 19:48:30 UTC] PHP Notice:  Undefined offset: 1 in D:\xampp\htdocs\GoogleCal_Wordpress_POC\wordpress-6.3.1\wordpress\wp-content\plugins\dynamic-interview-calendars\dynamic-interview-calendar.php on line 172
[20-Nov-2023 19:48:30 UTC] PHP Notice:  Trying to get property 'iframe_link' of non-object in D:\xampp\htdocs\GoogleCal_Wordpress_POC\wordpress-6.3.1\wordpress\wp-content\plugins\dynamic-interview-calendars\dynamic-interview-calendar.php on line 172
[20-Nov-2023 19:49:55 UTC] PHP Notice:  Undefined offset: 1 in D:\xampp\htdocs\GoogleCal_Wordpress_POC\wordpress-6.3.1\wordpress\wp-content\plugins\dynamic-interview-calendars\dynamic-interview-calendar.php on line 172
[20-Nov-2023 19:49:55 UTC] PHP Notice:  Trying to get property 'iframe_link' of non-object in D:\xampp\htdocs\GoogleCal_Wordpress_POC\wordpress-6.3.1\wordpress\wp-content\plugins\dynamic-interview-calendars\dynamic-interview-calendar.php on line 172
[20-Nov-2023 19:49:55 UTC] PHP Notice:  Undefined offset: 1 in D:\xampp\htdocs\GoogleCal_Wordpress_POC\wordpress-6.3.1\wordpress\wp-content\plugins\dynamic-interview-calendars\dynamic-interview-calendar.php on line 172
[20-Nov-2023 19:49:55 UTC] PHP Notice:  Trying to get property 'iframe_link' of non-object in D:\xampp\htdocs\GoogleCal_Wordpress_POC\wordpress-6.3.1\wordpress\wp-content\plugins\dynamic-interview-calendars\dynamic-interview-calendar.php on line 172
[20-Nov-2023 19:50:49 UTC] PHP Notice:  Undefined offset: 1 in D:\xampp\htdocs\GoogleCal_Wordpress_POC\wordpress-6.3.1\wordpress\wp-content\plugins\dynamic-interview-calendars\dynamic-interview-calendar.php on line 172
[20-Nov-2023 19:50:49 UTC] PHP Notice:  Trying to get property 'iframe_link' of non-object in D:\xampp\htdocs\GoogleCal_Wordpress_POC\wordpress-6.3.1\wordpress\wp-content\plugins\dynamic-interview-calendars\dynamic-interview-calendar.php on line 172
[20-Nov-2023 19:50:49 UTC] PHP Notice:  Undefined offset: 1 in D:\xampp\htdocs\GoogleCal_Wordpress_POC\wordpress-6.3.1\wordpress\wp-content\plugins\dynamic-interview-calendars\dynamic-interview-calendar.php on line 172
[20-Nov-2023 19:50:49 UTC] PHP Notice:  Trying to get property 'iframe_link' of non-object in D:\xampp\htdocs\GoogleCal_Wordpress_POC\wordpress-6.3.1\wordpress\wp-content\plugins\dynamic-interview-calendars\dynamic-interview-calendar.php on line 172
[20-Nov-2023 19:50:49 UTC] PHP Notice:  Undefined offset: 1 in D:\xampp\htdocs\GoogleCal_Wordpress_POC\wordpress-6.3.1\wordpress\wp-content\plugins\dynamic-interview-calendars\dynamic-interview-calendar.php on line 172
[20-Nov-2023 19:50:49 UTC] PHP Notice:  Trying to get property 'iframe_link' of non-object in D:\xampp\htdocs\GoogleCal_Wordpress_POC\wordpress-6.3.1\wordpress\wp-content\plugins\dynamic-interview-calendars\dynamic-interview-calendar.php on line 172
[21-Nov-2023 20:51:55 UTC] PHP Notice:  Undefined property: stdClass::$apptlink in D:\xampp\htdocs\GoogleCal_Wordpress_POC\wordpress-6.3.1\wordpress\wp-content\plugins\dynamic-interview-calendars\dynamic-interview-calendar.php on line 160
[21-Nov-2023 20:51:55 UTC] PHP Notice:  Undefined offset: 1 in D:\xampp\htdocs\GoogleCal_Wordpress_POC\wordpress-6.3.1\wordpress\wp-content\plugins\dynamic-interview-calendars\dynamic-interview-calendar.php on line 160
[21-Nov-2023 20:51:55 UTC] PHP Notice:  Trying to get property 'apptlink' of non-object in D:\xampp\htdocs\GoogleCal_Wordpress_POC\wordpress-6.3.1\wordpress\wp-content\plugins\dynamic-interview-calendars\dynamic-interview-calendar.php on line 160
[21-Nov-2023 20:56:46 UTC] PHP Notice:  Undefined offset: 1 in D:\xampp\htdocs\GoogleCal_Wordpress_POC\wordpress-6.3.1\wordpress\wp-content\plugins\dynamic-interview-calendars\dynamic-interview-calendar.php on line 204
[21-Nov-2023 20:56:46 UTC] PHP Notice:  Trying to get property 'iframe_link' of non-object in D:\xampp\htdocs\GoogleCal_Wordpress_POC\wordpress-6.3.1\wordpress\wp-content\plugins\dynamic-interview-calendars\dynamic-interview-calendar.php on line 204
[21-Nov-2023 20:56:46 UTC] PHP Notice:  Undefined offset: 1 in D:\xampp\htdocs\GoogleCal_Wordpress_POC\wordpress-6.3.1\wordpress\wp-content\plugins\dynamic-interview-calendars\dynamic-interview-calendar.php on line 204
[21-Nov-2023 20:56:46 UTC] PHP Notice:  Trying to get property 'iframe_link' of non-object in D:\xampp\htdocs\GoogleCal_Wordpress_POC\wordpress-6.3.1\wordpress\wp-content\plugins\dynamic-interview-calendars\dynamic-interview-calendar.php on line 204
[21-Nov-2023 20:56:46 UTC] PHP Notice:  Undefined offset: 1 in D:\xampp\htdocs\GoogleCal_Wordpress_POC\wordpress-6.3.1\wordpress\wp-content\plugins\dynamic-interview-calendars\dynamic-interview-calendar.php on line 204
[21-Nov-2023 20:56:46 UTC] PHP Notice:  Trying to get property 'iframe_link' of non-object in D:\xampp\htdocs\GoogleCal_Wordpress_POC\wordpress-6.3.1\wordpress\wp-content\plugins\dynamic-interview-calendars\dynamic-interview-calendar.php on line 204
[21-Nov-2023 20:57:31 UTC] PHP Notice:  Undefined offset: 1 in D:\xampp\htdocs\GoogleCal_Wordpress_POC\wordpress-6.3.1\wordpress\wp-content\plugins\dynamic-interview-calendars\dynamic-interview-calendar.php on line 204
[21-Nov-2023 20:57:31 UTC] PHP Notice:  Trying to get property 'iframe_link' of non-object in D:\xampp\htdocs\GoogleCal_Wordpress_POC\wordpress-6.3.1\wordpress\wp-content\plugins\dynamic-interview-calendars\dynamic-interview-calendar.php on line 204
[21-Nov-2023 20:57:31 UTC] PHP Notice:  Undefined offset: 1 in D:\xampp\htdocs\GoogleCal_Wordpress_POC\wordpress-6.3.1\wordpress\wp-content\plugins\dynamic-interview-calendars\dynamic-interview-calendar.php on line 204
[21-Nov-2023 20:57:31 UTC] PHP Notice:  Trying to get property 'iframe_link' of non-object in D:\xampp\htdocs\GoogleCal_Wordpress_POC\wordpress-6.3.1\wordpress\wp-content\plugins\dynamic-interview-calendars\dynamic-interview-calendar.php on line 204
[21-Nov-2023 20:57:31 UTC] PHP Notice:  Undefined offset: 1 in D:\xampp\htdocs\GoogleCal_Wordpress_POC\wordpress-6.3.1\wordpress\wp-content\plugins\dynamic-interview-calendars\dynamic-interview-calendar.php on line 204
[21-Nov-2023 20:57:31 UTC] PHP Notice:  Trying to get property 'iframe_link' of non-object in D:\xampp\htdocs\GoogleCal_Wordpress_POC\wordpress-6.3.1\wordpress\wp-content\plugins\dynamic-interview-calendars\dynamic-interview-calendar.php on line 204
[21-Nov-2023 20:57:44 UTC] PHP Notice:  Undefined offset: 1 in D:\xampp\htdocs\GoogleCal_Wordpress_POC\wordpress-6.3.1\wordpress\wp-content\plugins\dynamic-interview-calendars\dynamic-interview-calendar.php on line 204
[21-Nov-2023 20:57:44 UTC] PHP Notice:  Trying to get property 'iframe_link' of non-object in D:\xampp\htdocs\GoogleCal_Wordpress_POC\wordpress-6.3.1\wordpress\wp-content\plugins\dynamic-interview-calendars\dynamic-interview-calendar.php on line 204
[21-Nov-2023 20:57:44 UTC] PHP Notice:  Undefined offset: 1 in D:\xampp\htdocs\GoogleCal_Wordpress_POC\wordpress-6.3.1\wordpress\wp-content\plugins\dynamic-interview-calendars\dynamic-interview-calendar.php on line 204
[21-Nov-2023 20:57:44 UTC] PHP Notice:  Trying to get property 'iframe_link' of non-object in D:\xampp\htdocs\GoogleCal_Wordpress_POC\wordpress-6.3.1\wordpress\wp-content\plugins\dynamic-interview-calendars\dynamic-interview-calendar.php on line 204
[21-Nov-2023 20:57:44 UTC] PHP Notice:  Undefined offset: 1 in D:\xampp\htdocs\GoogleCal_Wordpress_POC\wordpress-6.3.1\wordpress\wp-content\plugins\dynamic-interview-calendars\dynamic-interview-calendar.php on line 204
[21-Nov-2023 20:57:44 UTC] PHP Notice:  Trying to get property 'iframe_link' of non-object in D:\xampp\htdocs\GoogleCal_Wordpress_POC\wordpress-6.3.1\wordpress\wp-content\plugins\dynamic-interview-calendars\dynamic-interview-calendar.php on line 204
[21-Nov-2023 20:57:50 UTC] PHP Notice:  Undefined offset: 1 in D:\xampp\htdocs\GoogleCal_Wordpress_POC\wordpress-6.3.1\wordpress\wp-content\plugins\dynamic-interview-calendars\dynamic-interview-calendar.php on line 204
[21-Nov-2023 20:57:50 UTC] PHP Notice:  Trying to get property 'iframe_link' of non-object in D:\xampp\htdocs\GoogleCal_Wordpress_POC\wordpress-6.3.1\wordpress\wp-content\plugins\dynamic-interview-calendars\dynamic-interview-calendar.php on line 204
[21-Nov-2023 20:57:50 UTC] PHP Notice:  Undefined offset: 1 in D:\xampp\htdocs\GoogleCal_Wordpress_POC\wordpress-6.3.1\wordpress\wp-content\plugins\dynamic-interview-calendars\dynamic-interview-calendar.php on line 204
[21-Nov-2023 20:57:50 UTC] PHP Notice:  Trying to get property 'iframe_link' of non-object in D:\xampp\htdocs\GoogleCal_Wordpress_POC\wordpress-6.3.1\wordpress\wp-content\plugins\dynamic-interview-calendars\dynamic-interview-calendar.php on line 204
[21-Nov-2023 20:57:50 UTC] PHP Notice:  Undefined offset: 1 in D:\xampp\htdocs\GoogleCal_Wordpress_POC\wordpress-6.3.1\wordpress\wp-content\plugins\dynamic-interview-calendars\dynamic-interview-calendar.php on line 204
[21-Nov-2023 20:57:50 UTC] PHP Notice:  Trying to get property 'iframe_link' of non-object in D:\xampp\htdocs\GoogleCal_Wordpress_POC\wordpress-6.3.1\wordpress\wp-content\plugins\dynamic-interview-calendars\dynamic-interview-calendar.php on line 204
[21-Nov-2023 20:58:12 UTC] PHP Notice:  Undefined offset: 1 in D:\xampp\htdocs\GoogleCal_Wordpress_POC\wordpress-6.3.1\wordpress\wp-content\plugins\dynamic-interview-calendars\dynamic-interview-calendar.php on line 204
[21-Nov-2023 20:58:12 UTC] PHP Notice:  Trying to get property 'iframe_link' of non-object in D:\xampp\htdocs\GoogleCal_Wordpress_POC\wordpress-6.3.1\wordpress\wp-content\plugins\dynamic-interview-calendars\dynamic-interview-calendar.php on line 204
[21-Nov-2023 20:58:12 UTC] PHP Notice:  Undefined offset: 1 in D:\xampp\htdocs\GoogleCal_Wordpress_POC\wordpress-6.3.1\wordpress\wp-content\plugins\dynamic-interview-calendars\dynamic-interview-calendar.php on line 204
[21-Nov-2023 20:58:12 UTC] PHP Notice:  Trying to get property 'iframe_link' of non-object in D:\xampp\htdocs\GoogleCal_Wordpress_POC\wordpress-6.3.1\wordpress\wp-content\plugins\dynamic-interview-calendars\dynamic-interview-calendar.php on line 204
[21-Nov-2023 20:58:12 UTC] PHP Notice:  Undefined offset: 1 in D:\xampp\htdocs\GoogleCal_Wordpress_POC\wordpress-6.3.1\wordpress\wp-content\plugins\dynamic-interview-calendars\dynamic-interview-calendar.php on line 204
[21-Nov-2023 20:58:12 UTC] PHP Notice:  Trying to get property 'iframe_link' of non-object in D:\xampp\htdocs\GoogleCal_Wordpress_POC\wordpress-6.3.1\wordpress\wp-content\plugins\dynamic-interview-calendars\dynamic-interview-calendar.php on line 204
[21-Nov-2023 20:58:22 UTC] PHP Notice:  Undefined offset: 1 in D:\xampp\htdocs\GoogleCal_Wordpress_POC\wordpress-6.3.1\wordpress\wp-content\plugins\dynamic-interview-calendars\dynamic-interview-calendar.php on line 204
[21-Nov-2023 20:58:22 UTC] PHP Notice:  Trying to get property 'iframe_link' of non-object in D:\xampp\htdocs\GoogleCal_Wordpress_POC\wordpress-6.3.1\wordpress\wp-content\plugins\dynamic-interview-calendars\dynamic-interview-calendar.php on line 204
[21-Nov-2023 20:58:22 UTC] PHP Notice:  Undefined offset: 1 in D:\xampp\htdocs\GoogleCal_Wordpress_POC\wordpress-6.3.1\wordpress\wp-content\plugins\dynamic-interview-calendars\dynamic-interview-calendar.php on line 204
[21-Nov-2023 20:58:22 UTC] PHP Notice:  Trying to get property 'iframe_link' of non-object in D:\xampp\htdocs\GoogleCal_Wordpress_POC\wordpress-6.3.1\wordpress\wp-content\plugins\dynamic-interview-calendars\dynamic-interview-calendar.php on line 204
[21-Nov-2023 20:58:22 UTC] PHP Notice:  Undefined offset: 1 in D:\xampp\htdocs\GoogleCal_Wordpress_POC\wordpress-6.3.1\wordpress\wp-content\plugins\dynamic-interview-calendars\dynamic-interview-calendar.php on line 204
[21-Nov-2023 20:58:22 UTC] PHP Notice:  Trying to get property 'iframe_link' of non-object in D:\xampp\htdocs\GoogleCal_Wordpress_POC\wordpress-6.3.1\wordpress\wp-content\plugins\dynamic-interview-calendars\dynamic-interview-calendar.php on line 204
[21-Nov-2023 20:58:51 UTC] PHP Notice:  Undefined offset: 1 in D:\xampp\htdocs\GoogleCal_Wordpress_POC\wordpress-6.3.1\wordpress\wp-content\plugins\dynamic-interview-calendars\dynamic-interview-calendar.php on line 204
[21-Nov-2023 20:58:51 UTC] PHP Notice:  Trying to get property 'iframe_link' of non-object in D:\xampp\htdocs\GoogleCal_Wordpress_POC\wordpress-6.3.1\wordpress\wp-content\plugins\dynamic-interview-calendars\dynamic-interview-calendar.php on line 204
[21-Nov-2023 20:58:51 UTC] PHP Notice:  Undefined offset: 1 in D:\xampp\htdocs\GoogleCal_Wordpress_POC\wordpress-6.3.1\wordpress\wp-content\plugins\dynamic-interview-calendars\dynamic-interview-calendar.php on line 204
[21-Nov-2023 20:58:51 UTC] PHP Notice:  Trying to get property 'iframe_link' of non-object in D:\xampp\htdocs\GoogleCal_Wordpress_POC\wordpress-6.3.1\wordpress\wp-content\plugins\dynamic-interview-calendars\dynamic-interview-calendar.php on line 204
[21-Nov-2023 20:58:51 UTC] PHP Notice:  Undefined offset: 1 in D:\xampp\htdocs\GoogleCal_Wordpress_POC\wordpress-6.3.1\wordpress\wp-content\plugins\dynamic-interview-calendars\dynamic-interview-calendar.php on line 204
[21-Nov-2023 20:58:51 UTC] PHP Notice:  Trying to get property 'iframe_link' of non-object in D:\xampp\htdocs\GoogleCal_Wordpress_POC\wordpress-6.3.1\wordpress\wp-content\plugins\dynamic-interview-calendars\dynamic-interview-calendar.php on line 204
[21-Nov-2023 20:59:02 UTC] PHP Notice:  Undefined property: stdClass::$apptlink in D:\xampp\htdocs\GoogleCal_Wordpress_POC\wordpress-6.3.1\wordpress\wp-content\plugins\dynamic-interview-calendars\dynamic-interview-calendar.php on line 160
[21-Nov-2023 20:59:02 UTC] PHP Notice:  Undefined offset: 1 in D:\xampp\htdocs\GoogleCal_Wordpress_POC\wordpress-6.3.1\wordpress\wp-content\plugins\dynamic-interview-calendars\dynamic-interview-calendar.php on line 160
[21-Nov-2023 20:59:03 UTC] PHP Notice:  Trying to get property 'apptlink' of non-object in D:\xampp\htdocs\GoogleCal_Wordpress_POC\wordpress-6.3.1\wordpress\wp-content\plugins\dynamic-interview-calendars\dynamic-interview-calendar.php on line 160
[21-Nov-2023 20:59:08 UTC] PHP Notice:  Undefined offset: 1 in D:\xampp\htdocs\GoogleCal_Wordpress_POC\wordpress-6.3.1\wordpress\wp-content\plugins\dynamic-interview-calendars\dynamic-interview-calendar.php on line 204
[21-Nov-2023 20:59:08 UTC] PHP Notice:  Trying to get property 'iframe_link' of non-object in D:\xampp\htdocs\GoogleCal_Wordpress_POC\wordpress-6.3.1\wordpress\wp-content\plugins\dynamic-interview-calendars\dynamic-interview-calendar.php on line 204
[21-Nov-2023 20:59:08 UTC] PHP Notice:  Undefined offset: 1 in D:\xampp\htdocs\GoogleCal_Wordpress_POC\wordpress-6.3.1\wordpress\wp-content\plugins\dynamic-interview-calendars\dynamic-interview-calendar.php on line 204
[21-Nov-2023 20:59:08 UTC] PHP Notice:  Trying to get property 'iframe_link' of non-object in D:\xampp\htdocs\GoogleCal_Wordpress_POC\wordpress-6.3.1\wordpress\wp-content\plugins\dynamic-interview-calendars\dynamic-interview-calendar.php on line 204
[21-Nov-2023 20:59:08 UTC] PHP Notice:  Undefined offset: 1 in D:\xampp\htdocs\GoogleCal_Wordpress_POC\wordpress-6.3.1\wordpress\wp-content\plugins\dynamic-interview-calendars\dynamic-interview-calendar.php on line 204
[21-Nov-2023 20:59:08 UTC] PHP Notice:  Trying to get property 'iframe_link' of non-object in D:\xampp\htdocs\GoogleCal_Wordpress_POC\wordpress-6.3.1\wordpress\wp-content\plugins\dynamic-interview-calendars\dynamic-interview-calendar.php on line 204
[21-Nov-2023 20:59:32 UTC] PHP Notice:  Undefined property: stdClass::$apptlink in D:\xampp\htdocs\GoogleCal_Wordpress_POC\wordpress-6.3.1\wordpress\wp-content\plugins\dynamic-interview-calendars\dynamic-interview-calendar.php on line 160
[21-Nov-2023 20:59:32 UTC] PHP Notice:  Undefined offset: 1 in D:\xampp\htdocs\GoogleCal_Wordpress_POC\wordpress-6.3.1\wordpress\wp-content\plugins\dynamic-interview-calendars\dynamic-interview-calendar.php on line 160
[21-Nov-2023 20:59:32 UTC] PHP Notice:  Trying to get property 'apptlink' of non-object in D:\xampp\htdocs\GoogleCal_Wordpress_POC\wordpress-6.3.1\wordpress\wp-content\plugins\dynamic-interview-calendars\dynamic-interview-calendar.php on line 160
[21-Nov-2023 20:59:37 UTC] PHP Notice:  Undefined offset: 1 in D:\xampp\htdocs\GoogleCal_Wordpress_POC\wordpress-6.3.1\wordpress\wp-content\plugins\dynamic-interview-calendars\dynamic-interview-calendar.php on line 204
[21-Nov-2023 20:59:37 UTC] PHP Notice:  Trying to get property 'iframe_link' of non-object in D:\xampp\htdocs\GoogleCal_Wordpress_POC\wordpress-6.3.1\wordpress\wp-content\plugins\dynamic-interview-calendars\dynamic-interview-calendar.php on line 204
[21-Nov-2023 20:59:37 UTC] PHP Notice:  Undefined offset: 1 in D:\xampp\htdocs\GoogleCal_Wordpress_POC\wordpress-6.3.1\wordpress\wp-content\plugins\dynamic-interview-calendars\dynamic-interview-calendar.php on line 204
[21-Nov-2023 20:59:37 UTC] PHP Notice:  Trying to get property 'iframe_link' of non-object in D:\xampp\htdocs\GoogleCal_Wordpress_POC\wordpress-6.3.1\wordpress\wp-content\plugins\dynamic-interview-calendars\dynamic-interview-calendar.php on line 204
[21-Nov-2023 20:59:37 UTC] PHP Notice:  Undefined offset: 1 in D:\xampp\htdocs\GoogleCal_Wordpress_POC\wordpress-6.3.1\wordpress\wp-content\plugins\dynamic-interview-calendars\dynamic-interview-calendar.php on line 204
[21-Nov-2023 20:59:38 UTC] PHP Notice:  Trying to get property 'iframe_link' of non-object in D:\xampp\htdocs\GoogleCal_Wordpress_POC\wordpress-6.3.1\wordpress\wp-content\plugins\dynamic-interview-calendars\dynamic-interview-calendar.php on line 204
[21-Nov-2023 20:59:52 UTC] PHP Notice:  Undefined property: stdClass::$apptlink in D:\xampp\htdocs\GoogleCal_Wordpress_POC\wordpress-6.3.1\wordpress\wp-content\plugins\dynamic-interview-calendars\dynamic-interview-calendar.php on line 160
[21-Nov-2023 20:59:52 UTC] PHP Notice:  Undefined offset: 1 in D:\xampp\htdocs\GoogleCal_Wordpress_POC\wordpress-6.3.1\wordpress\wp-content\plugins\dynamic-interview-calendars\dynamic-interview-calendar.php on line 160
[21-Nov-2023 20:59:52 UTC] PHP Notice:  Trying to get property 'apptlink' of non-object in D:\xampp\htdocs\GoogleCal_Wordpress_POC\wordpress-6.3.1\wordpress\wp-content\plugins\dynamic-interview-calendars\dynamic-interview-calendar.php on line 160
[21-Nov-2023 20:59:57 UTC] PHP Notice:  Undefined offset: 1 in D:\xampp\htdocs\GoogleCal_Wordpress_POC\wordpress-6.3.1\wordpress\wp-content\plugins\dynamic-interview-calendars\dynamic-interview-calendar.php on line 204
[21-Nov-2023 20:59:57 UTC] PHP Notice:  Trying to get property 'iframe_link' of non-object in D:\xampp\htdocs\GoogleCal_Wordpress_POC\wordpress-6.3.1\wordpress\wp-content\plugins\dynamic-interview-calendars\dynamic-interview-calendar.php on line 204
[21-Nov-2023 20:59:57 UTC] PHP Notice:  Undefined offset: 1 in D:\xampp\htdocs\GoogleCal_Wordpress_POC\wordpress-6.3.1\wordpress\wp-content\plugins\dynamic-interview-calendars\dynamic-interview-calendar.php on line 204
[21-Nov-2023 20:59:58 UTC] PHP Notice:  Trying to get property 'iframe_link' of non-object in D:\xampp\htdocs\GoogleCal_Wordpress_POC\wordpress-6.3.1\wordpress\wp-content\plugins\dynamic-interview-calendars\dynamic-interview-calendar.php on line 204
[21-Nov-2023 20:59:58 UTC] PHP Notice:  Undefined offset: 1 in D:\xampp\htdocs\GoogleCal_Wordpress_POC\wordpress-6.3.1\wordpress\wp-content\plugins\dynamic-interview-calendars\dynamic-interview-calendar.php on line 204
[21-Nov-2023 20:59:58 UTC] PHP Notice:  Trying to get property 'iframe_link' of non-object in D:\xampp\htdocs\GoogleCal_Wordpress_POC\wordpress-6.3.1\wordpress\wp-content\plugins\dynamic-interview-calendars\dynamic-interview-calendar.php on line 204
